<?xml version="1.0" encoding="UTF-8"?>
<testng-results ignored="0" total="1" passed="1" failed="0" skipped="0">
  <reporter-output>
  </reporter-output>
  <suite started-at="2022-05-09T21:22:29 IST" name="Suite" finished-at="2022-05-09T21:22:29 IST" duration-ms="28">
    <groups>
    </groups>
    <test started-at="2022-05-09T21:22:29 IST" name="Test" finished-at="2022-05-09T21:22:29 IST" duration-ms="28">
      <class name="ActitimeAutomation.MavenDemo">
        <test-method signature="disp()[pri:0, instance:ActitimeAutomation.MavenDemo@3b07a0d6]" started-at="2022-05-09T21:22:29 IST" name="disp" finished-at="2022-05-09T21:22:29 IST" duration-ms="4" status="PASS">
          <reporter-output>
          </reporter-output>
        </test-method> <!-- disp -->
      </class> <!-- ActitimeAutomation.MavenDemo -->
    </test> <!-- Test -->
  </suite> <!-- Suite -->
</testng-results>
